*********************************************************************
* LD Score Regression (LDSC)
* Version 1.0.1
* (C) 2014-2019 Brendan Bulik-Sullivan and Hilary Finucane
* Broad Institute of MIT and Harvard / MIT Department of Mathematics
* GNU General Public License v3
*********************************************************************
Call: 
./ldsc.py \
--h2 Munge_ASD_Grove2019.sumstats.gz \
--ref-ld-chr HAR_ldsc/HAR_3100. \
--out ASD_HAR_baselineLD \
--overlap-annot  \
--frqfile-chr /home/shadi/Desktop/S4_Project/GWAS_snps/10515792/1000G_Phase3_frq/1000G.EUR.QC. \
--print-cov  \
--w-ld-chr /home/shadi/Desktop/S4_Project/GWAS_snps/10515792/1000G_Phase3_weights_hm3_no_MHC/weights.hm3_noMHC. \
--print-coefficients  \
--print-delete-vals  

Beginning analysis at Fri Jun 21 11:29:19 2024
Reading summary statistics from Munge_ASD_Grove2019.sumstats.gz ...
Read summary statistics for 7304602 SNPs.
Reading reference panel LD Score from HAR_ldsc/HAR_3100.[1-22] ... (ldscore_fromlist)
Read reference panel LD Scores for 1190321 SNPs.
Removing partitioned LD Scores with zero variance.
Reading regression weight LD Score from /home/shadi/Desktop/S4_Project/GWAS_snps/10515792/1000G_Phase3_weights_hm3_no_MHC/weights.hm3_noMHC.[1-22] ... (ldscore_fromlist)
Read regression weight LD Scores for 1187349 SNPs.
After merging with reference panel LD, 1044892 SNPs remain.
After merging with regression SNP LD, 1042166 SNPs remain.
Using two-step estimator with cutoff at 30.
Printing covariance matrix of the estimates to ASD_HAR_baselineLD.cov.
Printing block jackknife delete values to ASD_HAR_baselineLD.delete.
Printing partitioned block jackknife delete values to ASD_HAR_baselineLD.part_delete.
Total Observed scale h2: 0.018 (0.0052)
Lambda GC: 1.1715
Mean Chi^2: 1.1991
Intercept: 1.1257 (0.0071)
Ratio: 0.6314 (0.0356)
Reading annot matrix from HAR_ldsc/HAR_3100.[1-22] ... (annot)
Results printed to ASD_HAR_baselineLD.results
Analysis finished at Fri Jun 21 11:29:48 2024
Total time elapsed: 29.27s
