*********************************************************************
* LD Score Regression (LDSC)
* Version 1.0.1
* (C) 2014-2019 Brendan Bulik-Sullivan and Hilary Finucane
* Broad Institute of MIT and Harvard / MIT Department of Mathematics
* GNU General Public License v3
*********************************************************************
Call: 
./ldsc.py \
--h2 Munge_ASD_Grove2019.sumstats.gz \
--ref-ld-chr eur_w_ld_chr/ \
--out ldsc_ASD_Grove2019 \
--w-ld-chr eur_w_ld_chr/ 

Beginning analysis at Mon Jun 17 15:12:46 2024
Reading summary statistics from Munge_ASD_Grove2019.sumstats.gz ...
Read summary statistics for 7304602 SNPs.
Reading reference panel LD Score from eur_w_ld_chr/[1-22] ... (ldscore_fromlist)
Read reference panel LD Scores for 1290028 SNPs.
Removing partitioned LD Scores with zero variance.
Reading regression weight LD Score from eur_w_ld_chr/[1-22] ... (ldscore_fromlist)
Read regression weight LD Scores for 1290028 SNPs.
After merging with reference panel LD, 1138364 SNPs remain.
After merging with regression SNP LD, 1138364 SNPs remain.
Using two-step estimator with cutoff at 30.
Total Observed scale h2: 0.4904 (0.0433)
Lambda GC: 1.1715
Mean Chi^2: 1.1986
Intercept: 1.0066 (0.0099)
Ratio: 0.0333 (0.0498)
Analysis finished at Mon Jun 17 15:13:10 2024
Total time elapsed: 24.25s
