*********************************************************************
* LD Score Regression (LDSC)
* Version 1.0.1
* (C) 2014-2019 Brendan Bulik-Sullivan and Hilary Finucane
* Broad Institute of MIT and Harvard / MIT Department of Mathematics
* GNU General Public License v3
*********************************************************************
Call: 
./ldsc.py \
--h2 Munge_SCZ_trubetskoy2022.sumstats.gz \
--ref-ld-chr HAR_ldsc/HAR_3100. \
--out SCZ_HAR_baselineLD \
--overlap-annot  \
--frqfile-chr /home/shadi/Desktop/S4_Project/GWAS_snps/10515792/1000G_Phase3_frq/1000G.EUR.QC. \
--print-cov  \
--w-ld-chr /home/shadi/Desktop/S4_Project/GWAS_snps/10515792/1000G_Phase3_weights_hm3_no_MHC/weights.hm3_noMHC. \
--print-coefficients  \
--print-delete-vals  

Beginning analysis at Tue Jun 25 17:25:34 2024
Reading summary statistics from Munge_SCZ_trubetskoy2022.sumstats.gz ...
Read summary statistics for 7585077 SNPs.
Reading reference panel LD Score from HAR_ldsc/HAR_3100.[1-22] ... (ldscore_fromlist)
Read reference panel LD Scores for 1190321 SNPs.
Removing partitioned LD Scores with zero variance.
Reading regression weight LD Score from /home/shadi/Desktop/S4_Project/GWAS_snps/10515792/1000G_Phase3_weights_hm3_no_MHC/weights.hm3_noMHC.[1-22] ... (ldscore_fromlist)
Read regression weight LD Scores for 1187349 SNPs.
After merging with reference panel LD, 1171616 SNPs remain.
After merging with regression SNP LD, 1168788 SNPs remain.
Using two-step estimator with cutoff at 30.
Printing covariance matrix of the estimates to SCZ_HAR_baselineLD.cov.
Printing block jackknife delete values to SCZ_HAR_baselineLD.delete.
Printing partitioned block jackknife delete values to SCZ_HAR_baselineLD.part_delete.
Total Observed scale h2: 0.021 (0.004)
Lambda GC: 1.7885
Mean Chi^2: 2.123
Intercept: 1.6099 (0.0153)
Ratio: 0.5431 (0.0136)
Reading annot matrix from HAR_ldsc/HAR_3100.[1-22] ... (annot)
Results printed to SCZ_HAR_baselineLD.results
Analysis finished at Tue Jun 25 17:26:02 2024
Total time elapsed: 27.6s
